1718388943.689337 client started (10825): version 2.6, socket /tmp/tmux-1005/default, protocol 8
1718388943.689393 on Linux 5.4.0-150-generic #167~18.04.1-Ubuntu SMP Wed May 24 00:51:42 UTC 2023; libevent 2.1.8-stable (poll)
1718388943.689445 socket is /tmp/tmux-1005/default
1718388943.689472 trying connect
1718388943.689502 connect failed: Connection refused
1718388943.689521 lock file is /tmp/tmux-1005/default.lock
1718388943.689581 flock succeeded
1718388943.689592 got lock (6)
1718388943.689605 trying connect
1718388943.689622 connect failed: Connection refused
1718388943.689999 add peer 0x55600df41860: 7 ((nil))
1718388943.690190 sending message 100 to peer 0x55600df41860 (4 bytes)
1718388943.690218 sending message 101 to peer 0x55600df41860 (15 bytes)
1718388943.690231 sending message 102 to peer 0x55600df41860 (12 bytes)
1718388943.690242 sending message 108 to peer 0x55600df41860 (31 bytes)
1718388943.690254 sending message 104 to peer 0x55600df41860 (0 bytes)
1718388943.690266 sending message 107 to peer 0x55600df41860 (4 bytes)
1718388943.690278 sending message 105 to peer 0x55600df41860 (17 bytes)
1718388943.690289 sending message 105 to peer 0x55600df41860 (15 bytes)
1718388943.690301 sending message 105 to peer 0x55600df41860 (18 bytes)
1718388943.690316 sending message 105 to peer 0x55600df41860 (21 bytes)
1718388943.690330 sending message 105 to peer 0x55600df41860 (171 bytes)
1718388943.690342 sending message 105 to peer 0x55600df41860 (25 bytes)
1718388943.690352 sending message 105 to peer 0x55600df41860 (19 bytes)
1718388943.690364 sending message 105 to peer 0x55600df41860 (31 bytes)
1718388943.690374 sending message 105 to peer 0x55600df41860 (47 bytes)
1718388943.690387 sending message 105 to peer 0x55600df41860 (20 bytes)
1718388943.690397 sending message 105 to peer 0x55600df41860 (20 bytes)
1718388943.690410 sending message 105 to peer 0x55600df41860 (20 bytes)
1718388943.690419 sending message 105 to peer 0x55600df41860 (31 bytes)
1718388943.690461 sending message 105 to peer 0x55600df41860 (54 bytes)
1718388943.690477 sending message 105 to peer 0x55600df41860 (23 bytes)
1718388943.690494 sending message 105 to peer 0x55600df41860 (20 bytes)
1718388943.690511 sending message 105 to peer 0x55600df41860 (24 bytes)
1718388943.690530 sending message 105 to peer 0x55600df41860 (21 bytes)
1718388943.690546 sending message 105 to peer 0x55600df41860 (20 bytes)
1718388943.690558 sending message 105 to peer 0x55600df41860 (23 bytes)
1718388943.690569 sending message 105 to peer 0x55600df41860 (25 bytes)
1718388943.690579 sending message 105 to peer 0x55600df41860 (27 bytes)
1718388943.690592 sending message 105 to peer 0x55600df41860 (30 bytes)
1718388943.690603 sending message 105 to peer 0x55600df41860 (8 bytes)
1718388943.690613 sending message 105 to peer 0x55600df41860 (35 bytes)
1718388943.690624 sending message 105 to peer 0x55600df41860 (23 bytes)
1718388943.690636 sending message 105 to peer 0x55600df41860 (31 bytes)
1718388943.690647 sending message 105 to peer 0x55600df41860 (11 bytes)
1718388943.690659 sending message 105 to peer 0x55600df41860 (8 bytes)
1718388943.690669 sending message 105 to peer 0x55600df41860 (32 bytes)
1718388943.690681 sending message 105 to peer 0x55600df41860 (1516 bytes)
1718388943.690710 sending message 105 to peer 0x55600df41860 (47 bytes)
1718388943.690725 sending message 105 to peer 0x55600df41860 (7 bytes)
1718388943.690738 sending message 105 to peer 0x55600df41860 (11 bytes)
1718388943.690750 sending message 105 to peer 0x55600df41860 (55 bytes)
1718388943.690761 sending message 105 to peer 0x55600df41860 (14 bytes)
1718388943.690773 sending message 105 to peer 0x55600df41860 (39 bytes)
1718388943.690783 sending message 105 to peer 0x55600df41860 (16 bytes)
1718388943.690795 sending message 105 to peer 0x55600df41860 (16 bytes)
1718388943.690805 sending message 106 to peer 0x55600df41860 (0 bytes)
1718388943.690818 sending message 200 to peer 0x55600df41860 (4 bytes)
1718388943.690829 client loop enter
1718388943.710979 peer 0x55600df41860 message 207
1718388943.711020 sending message 208 to peer 0x55600df41860 (0 bytes)
1718388943.717742 peer 0x55600df41860 message 203
1718388943.717780 sending message 205 to peer 0x55600df41860 (0 bytes)
1718388943.718101 peer 0x55600df41860 message 204
1718388943.718116 client loop exit
